FAIL: https://aus5.mozilla.org/update/3/Widevine/89.0/20200101010101/Darwin_x86_64-gcc3-u-i386-x86_64/en-US/nightly/Darwin 15/default/default/update.xml
Expected widevine version 4.10.2209.0, got this response instead:
<?xml version="1.0"?>
<updates>
    <addons>
        <addon id="gmp-widevinecdm" URL="https://redirector.gvt1.com/edgedl/widevine-cdm/4.10.1582.2-mac-x64.zip" hashFunction="sha512" hashValue="9ad5288a8c6488dc46ff4232beb440ad533c4c8e52d943673959d7a949f9cd68c09c45b1d23a1cf6e43241429e398d46873e94ef55b55c36e3d1da3942433837" size="4270381" version="4.10.1582.2"/>
    </addons>
</updates>
FAIL: https://aus5.mozilla.org/update/3/Widevine/89.0/20200101010101/Darwin_x86_64-gcc3-u-i386-x86_64/en-US/nightly/Darwin 16/default/default/update.xml
Expected widevine version 4.10.2209.0, got this response instead:
<?xml version="1.0"?>
<updates>
    <addons>
        <addon id="gmp-widevinecdm" URL="https://redirector.gvt1.com/edgedl/widevine-cdm/4.10.1582.2-mac-x64.zip" hashFunction="sha512" hashValue="9ad5288a8c6488dc46ff4232beb440ad533c4c8e52d943673959d7a949f9cd68c09c45b1d23a1cf6e43241429e398d46873e94ef55b55c36e3d1da3942433837" size="4270381" version="4.10.1582.2"/>
    </addons>
</updates>
FAIL: https://aus5.mozilla.org/update/3/Widevine/89.0/20200101010101/Darwin_x86_64-gcc3-u-i386-x86_64/en-US/nightly/Darwin 17/default/default/update.xml
Expected widevine version 4.10.2209.0, got this response instead:
<?xml version="1.0"?>
<updates>
    <addons>
        <addon id="gmp-widevinecdm" URL="https://redirector.gvt1.com/edgedl/widevine-cdm/4.10.1582.2-mac-x64.zip" hashFunction="sha512" hashValue="9ad5288a8c6488dc46ff4232beb440ad533c4c8e52d943673959d7a949f9cd68c09c45b1d23a1cf6e43241429e398d46873e94ef55b55c36e3d1da3942433837" size="4270381" version="4.10.1582.2"/>
    </addons>
</updates>
FAIL: https://aus5.mozilla.org/update/3/Widevine/89.0/20200101010101/Darwin_x86_64-gcc3-u-i386-x86_64/en-US/nightly/Darwin 18/default/default/update.xml
Expected widevine version 4.10.2209.0, got this response instead:
<?xml version="1.0"?>
<updates>
    <addons>
        <addon id="gmp-widevinecdm" URL="https://redirector.gvt1.com/edgedl/widevine-cdm/4.10.1582.2-mac-x64.zip" hashFunction="sha512" hashValue="9ad5288a8c6488dc46ff4232beb440ad533c4c8e52d943673959d7a949f9cd68c09c45b1d23a1cf6e43241429e398d46873e94ef55b55c36e3d1da3942433837" size="4270381" version="4.10.1582.2"/>
    </addons>
</updates>
FAIL: https://aus5.mozilla.org/update/3/Widevine/89.0/20200101010101/Darwin_x86_64-gcc3-u-i386-x86_64/en-US/nightly/Darwin 19/default/default/update.xml
Expected widevine version 4.10.2209.0, got this response instead:
<?xml version="1.0"?>
<updates>
    <addons>
        <addon id="gmp-widevinecdm" URL="https://redirector.gvt1.com/edgedl/widevine-cdm/4.10.1582.2-mac-x64.zip" hashFunction="sha512" hashValue="9ad5288a8c6488dc46ff4232beb440ad533c4c8e52d943673959d7a949f9cd68c09c45b1d23a1cf6e43241429e398d46873e94ef55b55c36e3d1da3942433837" size="4270381" version="4.10.1582.2"/>
    </addons>
</updates>
FAIL: https://aus5.mozilla.org/update/3/Widevine/89.0/20200101010101/Darwin_x86_64-gcc3-u-i386-x86_64/en-US/nightly/Darwin 20/default/default/update.xml
Expected widevine version 4.10.2209.0, got this response instead:
<?xml version="1.0"?>
<updates>
    <addons>
        <addon id="gmp-widevinecdm" URL="https://redirector.gvt1.com/edgedl/widevine-cdm/4.10.1582.2-mac-x64.zip" hashFunction="sha512" hashValue="9ad5288a8c6488dc46ff4232beb440ad533c4c8e52d943673959d7a949f9cd68c09c45b1d23a1cf6e43241429e398d46873e94ef55b55c36e3d1da3942433837" size="4270381" version="4.10.1582.2"/>
    </addons>
</updates>
FAIL: https://aus5.mozilla.org/update/3/Widevine/89.0/20200101010101/Darwin_aarch64-gcc3/en-US/nightly/Darwin 15/default/default/update.xml
Expected widevine version 4.10.2209.0, got this response instead:
<?xml version="1.0"?>
<updates>
    <addons>
        <addon id="gmp-widevinecdm" URL="https://redirector.gvt1.com/edgedl/widevine-cdm/4.10.1582.2-mac-x64.zip" hashFunction="sha512" hashValue="9ad5288a8c6488dc46ff4232beb440ad533c4c8e52d943673959d7a949f9cd68c09c45b1d23a1cf6e43241429e398d46873e94ef55b55c36e3d1da3942433837" size="4270381" version="4.10.1582.2"/>
    </addons>
</updates>
FAIL: https://aus5.mozilla.org/update/3/Widevine/89.0/20200101010101/Darwin_aarch64-gcc3/en-US/nightly/Darwin 16/default/default/update.xml
Expected widevine version 4.10.2209.0, got this response instead:
<?xml version="1.0"?>
<updates>
    <addons>
        <addon id="gmp-widevinecdm" URL="https://redirector.gvt1.com/edgedl/widevine-cdm/4.10.1582.2-mac-x64.zip" hashFunction="sha512" hashValue="9ad5288a8c6488dc46ff4232beb440ad533c4c8e52d943673959d7a949f9cd68c09c45b1d23a1cf6e43241429e398d46873e94ef55b55c36e3d1da3942433837" size="4270381" version="4.10.1582.2"/>
    </addons>
</updates>
FAIL: https://aus5.mozilla.org/update/3/Widevine/89.0/20200101010101/Darwin_aarch64-gcc3/en-US/nightly/Darwin 17/default/default/update.xml
Expected widevine version 4.10.2209.0, got this response instead:
<?xml version="1.0"?>
<updates>
    <addons>
        <addon id="gmp-widevinecdm" URL="https://redirector.gvt1.com/edgedl/widevine-cdm/4.10.1582.2-mac-x64.zip" hashFunction="sha512" hashValue="9ad5288a8c6488dc46ff4232beb440ad533c4c8e52d943673959d7a949f9cd68c09c45b1d23a1cf6e43241429e398d46873e94ef55b55c36e3d1da3942433837" size="4270381" version="4.10.1582.2"/>
    </addons>
</updates>
FAIL: https://aus5.mozilla.org/update/3/Widevine/89.0/20200101010101/Darwin_aarch64-gcc3/en-US/nightly/Darwin 18/default/default/update.xml
Expected widevine version 4.10.2209.0, got this response instead:
<?xml version="1.0"?>
<updates>
    <addons>
        <addon id="gmp-widevinecdm" URL="https://redirector.gvt1.com/edgedl/widevine-cdm/4.10.1582.2-mac-x64.zip" hashFunction="sha512" hashValue="9ad5288a8c6488dc46ff4232beb440ad533c4c8e52d943673959d7a949f9cd68c09c45b1d23a1cf6e43241429e398d46873e94ef55b55c36e3d1da3942433837" size="4270381" version="4.10.1582.2"/>
    </addons>
</updates>
FAIL: https://aus5.mozilla.org/update/3/Widevine/89.0/20200101010101/Darwin_aarch64-gcc3/en-US/nightly/Darwin 19/default/default/update.xml
Expected widevine version 4.10.2209.0, got this response instead:
<?xml version="1.0"?>
<updates>
    <addons>
        <addon id="gmp-widevinecdm" URL="https://redirector.gvt1.com/edgedl/widevine-cdm/4.10.1582.2-mac-x64.zip" hashFunction="sha512" hashValue="9ad5288a8c6488dc46ff4232beb440ad533c4c8e52d943673959d7a949f9cd68c09c45b1d23a1cf6e43241429e398d46873e94ef55b55c36e3d1da3942433837" size="4270381" version="4.10.1582.2"/>
    </addons>
</updates>
FAIL: https://aus5.mozilla.org/update/3/Widevine/89.0/20200101010101/Darwin_aarch64-gcc3/en-US/nightly/Darwin 20/default/default/update.xml
Expected widevine version 4.10.2209.0, got this response instead:
<?xml version="1.0"?>
<updates>
    <addons>
        <addon id="gmp-widevinecdm" URL="https://redirector.gvt1.com/edgedl/widevine-cdm/4.10.1582.2-mac-x64.zip" hashFunction="sha512" hashValue="9ad5288a8c6488dc46ff4232beb440ad533c4c8e52d943673959d7a949f9cd68c09c45b1d23a1cf6e43241429e398d46873e94ef55b55c36e3d1da3942433837" size="4270381" version="4.10.1582.2"/>
    </addons>
</updates>
FAIL: https://aus5.mozilla.org/update/3/Widevine/89.0/20200101010101/Linux_x86-gcc3/en-US/nightly/default/default/default/update.xml
Expected widevine version 4.10.2209.0, got this response instead:
<?xml version="1.0"?>
<updates>
    <addons>
        <addon id="gmp-widevinecdm" URL="https://redirector.gvt1.com/edgedl/widevine-cdm/4.10.1582.2-linux-ia32.zip" hashFunction="sha512" hashValue="feb9cfddf2b805122e450a3ee8c8843e2d46f868f5d10169ad5e4ce49b1e6736e0d11f11ffe5a74f3184eab8317608a80c7128e59bdfa0a14319f89ab830b39e" size="4289036" version="4.10.1582.2"/>
    </addons>
</updates>
FAIL: https://aus5.mozilla.org/update/3/Widevine/89.0/20200101010101/Linux_x86_64-gcc3/en-US/nightly/default/default/default/update.xml
Expected widevine version 4.10.2209.0, got this response instead:
<?xml version="1.0"?>
<updates>
    <addons>
        <addon id="gmp-widevinecdm" URL="https://redirector.gvt1.com/edgedl/widevine-cdm/4.10.1582.2-linux-x64.zip" hashFunction="sha512" hashValue="e750e055ec563f2411ef84bf359037ff523f8db3c5143b42af2478a44e9b1ca9b135707d6dcacab178df355927c68c8eb43bdd63456e22c6d787fc86dd668aa2" size="4000517" version="4.10.1582.2"/>
    </addons>
</updates>
FAIL: https://aus5.mozilla.org/update/3/Widevine/89.0/20200101010101/WINNT_x86-msvc/en-US/nightly/Windows_NT 10/default/default/update.xml
Expected widevine version 4.10.2209.0, got this response instead:
<?xml version="1.0"?>
<updates>
    <addons>
        <addon id="gmp-widevinecdm" URL="https://redirector.gvt1.com/edgedl/widevine-cdm/4.10.1582.2-win-ia32.zip" hashFunction="sha512" hashValue="d448fa194996c3154b7a47a4447331125fab9c3d6d52a08a640ab21677535102117a0262798bc95ba75310060fe0517d7b4593245ad48da683956455417502cb" size="5197739" version="4.10.1582.2"/>
    </addons>
</updates>
FAIL: https://aus5.mozilla.org/update/3/Widevine/89.0/20200101010101/WINNT_x86-msvc/en-US/nightly/Windows_NT 8/default/default/update.xml
Expected widevine version 4.10.2209.0, got this response instead:
<?xml version="1.0"?>
<updates>
    <addons>
        <addon id="gmp-widevinecdm" URL="https://redirector.gvt1.com/edgedl/widevine-cdm/4.10.1582.2-win-ia32.zip" hashFunction="sha512" hashValue="d448fa194996c3154b7a47a4447331125fab9c3d6d52a08a640ab21677535102117a0262798bc95ba75310060fe0517d7b4593245ad48da683956455417502cb" size="5197739" version="4.10.1582.2"/>
    </addons>
</updates>
FAIL: https://aus5.mozilla.org/update/3/Widevine/89.0/20200101010101/WINNT_x86-msvc/en-US/nightly/Windows_NT 6/default/default/update.xml
Expected widevine version 4.10.2209.0, got this response instead:
<?xml version="1.0"?>
<updates>
    <addons>
        <addon id="gmp-widevinecdm" URL="https://redirector.gvt1.com/edgedl/widevine-cdm/4.10.1582.2-win-ia32.zip" hashFunction="sha512" hashValue="d448fa194996c3154b7a47a4447331125fab9c3d6d52a08a640ab21677535102117a0262798bc95ba75310060fe0517d7b4593245ad48da683956455417502cb" size="5197739" version="4.10.1582.2"/>
    </addons>
</updates>
FAIL: https://aus5.mozilla.org/update/3/Widevine/89.0/20200101010101/WINNT_x86_64-msvc-x64/en-US/nightly/Windows_NT 10/default/default/update.xml
Expected widevine version 4.10.2209.0, got this response instead:
<?xml version="1.0"?>
<updates>
    <addons>
        <addon id="gmp-widevinecdm" URL="https://redirector.gvt1.com/edgedl/widevine-cdm/4.10.1582.2-win-x64.zip" hashFunction="sha512" hashValue="8054294ad328f0b32e7474448e77fb4c56dbe4e7100920461508dd18cab94f69b13dbc1e9776800f49993d478827b4a65732a9bc39a3940251d9cb96ffffddd9" size="5097580" version="4.10.1582.2"/>
    </addons>
</updates>
FAIL: https://aus5.mozilla.org/update/3/Widevine/89.0/20200101010101/WINNT_x86_64-msvc-x64/en-US/nightly/Windows_NT 8/default/default/update.xml
Expected widevine version 4.10.2209.0, got this response instead:
<?xml version="1.0"?>
<updates>
    <addons>
        <addon id="gmp-widevinecdm" URL="https://redirector.gvt1.com/edgedl/widevine-cdm/4.10.1582.2-win-x64.zip" hashFunction="sha512" hashValue="8054294ad328f0b32e7474448e77fb4c56dbe4e7100920461508dd18cab94f69b13dbc1e9776800f49993d478827b4a65732a9bc39a3940251d9cb96ffffddd9" size="5097580" version="4.10.1582.2"/>
    </addons>
</updates>
FAIL: https://aus5.mozilla.org/update/3/Widevine/89.0/20200101010101/WINNT_aarch64-msvc-aarch64/en-US/nightly/Windows_NT 10/default/default/update.xml
Expected widevine version 4.10.2209.0, got this response instead:
<?xml version="1.0"?>
<updates>
    <addons>
        <addon id="gmp-widevinecdm" URL="https://redirector.gvt1.com/edgedl/widevine-cdm/4.10.1582.2-win-ia32.zip" hashFunction="sha512" hashValue="d448fa194996c3154b7a47a4447331125fab9c3d6d52a08a640ab21677535102117a0262798bc95ba75310060fe0517d7b4593245ad48da683956455417502cb" size="5197739" version="4.10.1582.2"/>
    </addons>
</updates>
FAIL: https://aus5.mozilla.org/update/3/Widevine/89.0/20200101010101/WINNT_aarch64-msvc-aarch64/en-US/nightly/Windows_NT 8/default/default/update.xml
Expected widevine version 4.10.2209.0, got this response instead:
<?xml version="1.0"?>
<updates>
    <addons>
        <addon id="gmp-widevinecdm" URL="https://redirector.gvt1.com/edgedl/widevine-cdm/4.10.1582.2-win-ia32.zip" hashFunction="sha512" hashValue="d448fa194996c3154b7a47a4447331125fab9c3d6d52a08a640ab21677535102117a0262798bc95ba75310060fe0517d7b4593245ad48da683956455417502cb" size="5197739" version="4.10.1582.2"/>
    </addons>
</updates>
FAIL: https://aus5.mozilla.org/update/3/Widevine/89.0/20200101010101/WINNT_aarch64-msvc-aarch64/en-US/nightly/Windows_NT 6/default/default/update.xml
Expected widevine version 4.10.2209.0, got this response instead:
<?xml version="1.0"?>
<updates>
    <addons>
        <addon id="gmp-widevinecdm" URL="https://redirector.gvt1.com/edgedl/widevine-cdm/4.10.1582.2-win-ia32.zip" hashFunction="sha512" hashValue="d448fa194996c3154b7a47a4447331125fab9c3d6d52a08a640ab21677535102117a0262798bc95ba75310060fe0517d7b4593245ad48da683956455417502cb" size="5197739" version="4.10.1582.2"/>
    </addons>
</updates>
PASS: https://aus5.mozilla.org/update/3/Widevine/89.0/20200101010101/Darwin_x86_64-gcc3-u-i386-x86_64/en-US/release/Darwin 15/default/default/update.xml
PASS: https://aus5.mozilla.org/update/3/Widevine/89.0/20200101010101/Darwin_x86_64-gcc3-u-i386-x86_64/en-US/release/Darwin 16/default/default/update.xml
PASS: https://aus5.mozilla.org/update/3/Widevine/89.0/20200101010101/Darwin_x86_64-gcc3-u-i386-x86_64/en-US/release/Darwin 17/default/default/update.xml
PASS: https://aus5.mozilla.org/update/3/Widevine/89.0/20200101010101/Darwin_x86_64-gcc3-u-i386-x86_64/en-US/release/Darwin 18/default/default/update.xml
PASS: https://aus5.mozilla.org/update/3/Widevine/89.0/20200101010101/Darwin_x86_64-gcc3-u-i386-x86_64/en-US/release/Darwin 19/default/default/update.xml
PASS: https://aus5.mozilla.org/update/3/Widevine/89.0/20200101010101/Darwin_x86_64-gcc3-u-i386-x86_64/en-US/release/Darwin 20/default/default/update.xml
PASS: https://aus5.mozilla.org/update/3/Widevine/89.0/20200101010101/Darwin_aarch64-gcc3/en-US/release/Darwin 15/default/default/update.xml
PASS: https://aus5.mozilla.org/update/3/Widevine/89.0/20200101010101/Darwin_aarch64-gcc3/en-US/release/Darwin 16/default/default/update.xml
PASS: https://aus5.mozilla.org/update/3/Widevine/89.0/20200101010101/Darwin_aarch64-gcc3/en-US/release/Darwin 17/default/default/update.xml
PASS: https://aus5.mozilla.org/update/3/Widevine/89.0/20200101010101/Darwin_aarch64-gcc3/en-US/release/Darwin 18/default/default/update.xml
PASS: https://aus5.mozilla.org/update/3/Widevine/89.0/20200101010101/Darwin_aarch64-gcc3/en-US/release/Darwin 19/default/default/update.xml
PASS: https://aus5.mozilla.org/update/3/Widevine/89.0/20200101010101/Darwin_aarch64-gcc3/en-US/release/Darwin 20/default/default/update.xml
PASS: https://aus5.mozilla.org/update/3/Widevine/89.0/20200101010101/Linux_x86-gcc3/en-US/release/default/default/default/update.xml
PASS: https://aus5.mozilla.org/update/3/Widevine/89.0/20200101010101/Linux_x86_64-gcc3/en-US/release/default/default/default/update.xml
PASS: https://aus5.mozilla.org/update/3/Widevine/89.0/20200101010101/WINNT_x86-msvc/en-US/release/Windows_NT 10/default/default/update.xml
PASS: https://aus5.mozilla.org/update/3/Widevine/89.0/20200101010101/WINNT_x86-msvc/en-US/release/Windows_NT 8/default/default/update.xml
PASS: https://aus5.mozilla.org/update/3/Widevine/89.0/20200101010101/WINNT_x86-msvc/en-US/release/Windows_NT 6/default/default/update.xml
PASS: https://aus5.mozilla.org/update/3/Widevine/89.0/20200101010101/WINNT_x86_64-msvc-x64/en-US/release/Windows_NT 10/default/default/update.xml
PASS: https://aus5.mozilla.org/update/3/Widevine/89.0/20200101010101/WINNT_x86_64-msvc-x64/en-US/release/Windows_NT 8/default/default/update.xml
PASS: https://aus5.mozilla.org/update/3/Widevine/89.0/20200101010101/WINNT_aarch64-msvc-aarch64/en-US/release/Windows_NT 10/default/default/update.xml
PASS: https://aus5.mozilla.org/update/3/Widevine/89.0/20200101010101/WINNT_aarch64-msvc-aarch64/en-US/release/Windows_NT 8/default/default/update.xml
PASS: https://aus5.mozilla.org/update/3/Widevine/89.0/20200101010101/WINNT_aarch64-msvc-aarch64/en-US/release/Windows_NT 6/default/default/update.xml
PASS: https://aus5.mozilla.org/update/3/Widevine/88.0/20200101010101/Darwin_x86_64-gcc3-u-i386-x86_64/en-US/release/Darwin 15/default/default/update.xml
PASS: https://aus5.mozilla.org/update/3/Widevine/88.0/20200101010101/Darwin_x86_64-gcc3-u-i386-x86_64/en-US/release/Darwin 16/default/default/update.xml
PASS: https://aus5.mozilla.org/update/3/Widevine/88.0/20200101010101/Darwin_x86_64-gcc3-u-i386-x86_64/en-US/release/Darwin 17/default/default/update.xml
PASS: https://aus5.mozilla.org/update/3/Widevine/88.0/20200101010101/Darwin_x86_64-gcc3-u-i386-x86_64/en-US/release/Darwin 18/default/default/update.xml
PASS: https://aus5.mozilla.org/update/3/Widevine/88.0/20200101010101/Darwin_x86_64-gcc3-u-i386-x86_64/en-US/release/Darwin 19/default/default/update.xml
PASS: https://aus5.mozilla.org/update/3/Widevine/88.0/20200101010101/Darwin_x86_64-gcc3-u-i386-x86_64/en-US/release/Darwin 20/default/default/update.xml
PASS: https://aus5.mozilla.org/update/3/Widevine/88.0/20200101010101/Darwin_aarch64-gcc3/en-US/release/Darwin 15/default/default/update.xml
PASS: https://aus5.mozilla.org/update/3/Widevine/88.0/20200101010101/Darwin_aarch64-gcc3/en-US/release/Darwin 16/default/default/update.xml
PASS: https://aus5.mozilla.org/update/3/Widevine/88.0/20200101010101/Darwin_aarch64-gcc3/en-US/release/Darwin 17/default/default/update.xml
PASS: https://aus5.mozilla.org/update/3/Widevine/88.0/20200101010101/Darwin_aarch64-gcc3/en-US/release/Darwin 18/default/default/update.xml
PASS: https://aus5.mozilla.org/update/3/Widevine/88.0/20200101010101/Darwin_aarch64-gcc3/en-US/release/Darwin 19/default/default/update.xml
PASS: https://aus5.mozilla.org/update/3/Widevine/88.0/20200101010101/Darwin_aarch64-gcc3/en-US/release/Darwin 20/default/default/update.xml
PASS: https://aus5.mozilla.org/update/3/Widevine/88.0/20200101010101/Linux_x86-gcc3/en-US/release/default/default/default/update.xml
PASS: https://aus5.mozilla.org/update/3/Widevine/88.0/20200101010101/Linux_x86_64-gcc3/en-US/release/default/default/default/update.xml
PASS: https://aus5.mozilla.org/update/3/Widevine/88.0/20200101010101/WINNT_x86-msvc/en-US/release/Windows_NT 10/default/default/update.xml
PASS: https://aus5.mozilla.org/update/3/Widevine/88.0/20200101010101/WINNT_x86-msvc/en-US/release/Windows_NT 8/default/default/update.xml
PASS: https://aus5.mozilla.org/update/3/Widevine/88.0/20200101010101/WINNT_x86-msvc/en-US/release/Windows_NT 6/default/default/update.xml
PASS: https://aus5.mozilla.org/update/3/Widevine/88.0/20200101010101/WINNT_x86_64-msvc-x64/en-US/release/Windows_NT 10/default/default/update.xml
PASS: https://aus5.mozilla.org/update/3/Widevine/88.0/20200101010101/WINNT_x86_64-msvc-x64/en-US/release/Windows_NT 8/default/default/update.xml
PASS: https://aus5.mozilla.org/update/3/Widevine/88.0/20200101010101/WINNT_aarch64-msvc-aarch64/en-US/release/Windows_NT 10/default/default/update.xml
PASS: https://aus5.mozilla.org/update/3/Widevine/88.0/20200101010101/WINNT_aarch64-msvc-aarch64/en-US/release/Windows_NT 8/default/default/update.xml
PASS: https://aus5.mozilla.org/update/3/Widevine/88.0/20200101010101/WINNT_aarch64-msvc-aarch64/en-US/release/Windows_NT 6/default/default/update.xml
PASS: https://aus5.mozilla.org/update/3/Widevine/87.0/20200101010101/Darwin_x86_64-gcc3-u-i386-x86_64/en-US/release/Darwin 15/default/default/update.xml
PASS: https://aus5.mozilla.org/update/3/Widevine/87.0/20200101010101/Darwin_x86_64-gcc3-u-i386-x86_64/en-US/release/Darwin 16/default/default/update.xml
PASS: https://aus5.mozilla.org/update/3/Widevine/87.0/20200101010101/Darwin_x86_64-gcc3-u-i386-x86_64/en-US/release/Darwin 17/default/default/update.xml
PASS: https://aus5.mozilla.org/update/3/Widevine/87.0/20200101010101/Darwin_x86_64-gcc3-u-i386-x86_64/en-US/release/Darwin 18/default/default/update.xml
PASS: https://aus5.mozilla.org/update/3/Widevine/87.0/20200101010101/Darwin_x86_64-gcc3-u-i386-x86_64/en-US/release/Darwin 19/default/default/update.xml
PASS: https://aus5.mozilla.org/update/3/Widevine/87.0/20200101010101/Darwin_x86_64-gcc3-u-i386-x86_64/en-US/release/Darwin 20/default/default/update.xml
PASS: https://aus5.mozilla.org/update/3/Widevine/87.0/20200101010101/Darwin_aarch64-gcc3/en-US/release/Darwin 15/default/default/update.xml
PASS: https://aus5.mozilla.org/update/3/Widevine/87.0/20200101010101/Darwin_aarch64-gcc3/en-US/release/Darwin 16/default/default/update.xml
PASS: https://aus5.mozilla.org/update/3/Widevine/87.0/20200101010101/Darwin_aarch64-gcc3/en-US/release/Darwin 17/default/default/update.xml
PASS: https://aus5.mozilla.org/update/3/Widevine/87.0/20200101010101/Darwin_aarch64-gcc3/en-US/release/Darwin 18/default/default/update.xml
PASS: https://aus5.mozilla.org/update/3/Widevine/87.0/20200101010101/Darwin_aarch64-gcc3/en-US/release/Darwin 19/default/default/update.xml
PASS: https://aus5.mozilla.org/update/3/Widevine/87.0/20200101010101/Darwin_aarch64-gcc3/en-US/release/Darwin 20/default/default/update.xml
PASS: https://aus5.mozilla.org/update/3/Widevine/87.0/20200101010101/Linux_x86-gcc3/en-US/release/default/default/default/update.xml
PASS: https://aus5.mozilla.org/update/3/Widevine/87.0/20200101010101/Linux_x86_64-gcc3/en-US/release/default/default/default/update.xml
PASS: https://aus5.mozilla.org/update/3/Widevine/87.0/20200101010101/WINNT_x86-msvc/en-US/release/Windows_NT 10/default/default/update.xml
PASS: https://aus5.mozilla.org/update/3/Widevine/87.0/20200101010101/WINNT_x86-msvc/en-US/release/Windows_NT 8/default/default/update.xml
PASS: https://aus5.mozilla.org/update/3/Widevine/87.0/20200101010101/WINNT_x86-msvc/en-US/release/Windows_NT 6/default/default/update.xml
PASS: https://aus5.mozilla.org/update/3/Widevine/87.0/20200101010101/WINNT_x86_64-msvc-x64/en-US/release/Windows_NT 10/default/default/update.xml
PASS: https://aus5.mozilla.org/update/3/Widevine/87.0/20200101010101/WINNT_x86_64-msvc-x64/en-US/release/Windows_NT 8/default/default/update.xml
PASS: https://aus5.mozilla.org/update/3/Widevine/87.0/20200101010101/WINNT_aarch64-msvc-aarch64/en-US/release/Windows_NT 10/default/default/update.xml
PASS: https://aus5.mozilla.org/update/3/Widevine/87.0/20200101010101/WINNT_aarch64-msvc-aarch64/en-US/release/Windows_NT 8/default/default/update.xml
PASS: https://aus5.mozilla.org/update/3/Widevine/87.0/20200101010101/WINNT_aarch64-msvc-aarch64/en-US/release/Windows_NT 6/default/default/update.xml
PASS: https://aus5.mozilla.org/update/3/Widevine/74.0/20200101010101/Darwin_x86_64-gcc3-u-i386-x86_64/en-US/nightly/Darwin 15/default/default/update.xml
PASS: https://aus5.mozilla.org/update/3/Widevine/74.0/20200101010101/Darwin_x86_64-gcc3-u-i386-x86_64/en-US/nightly/Darwin 16/default/default/update.xml
PASS: https://aus5.mozilla.org/update/3/Widevine/74.0/20200101010101/Darwin_x86_64-gcc3-u-i386-x86_64/en-US/nightly/Darwin 17/default/default/update.xml
PASS: https://aus5.mozilla.org/update/3/Widevine/74.0/20200101010101/Darwin_x86_64-gcc3-u-i386-x86_64/en-US/nightly/Darwin 18/default/default/update.xml
PASS: https://aus5.mozilla.org/update/3/Widevine/74.0/20200101010101/Darwin_x86_64-gcc3-u-i386-x86_64/en-US/nightly/Darwin 19/default/default/update.xml
PASS: https://aus5.mozilla.org/update/3/Widevine/74.0/20200101010101/Darwin_x86_64-gcc3-u-i386-x86_64/en-US/nightly/Darwin 20/default/default/update.xml
PASS: https://aus5.mozilla.org/update/3/Widevine/74.0/20200101010101/Linux_x86-gcc3/en-US/nightly/default/default/default/update.xml
PASS: https://aus5.mozilla.org/update/3/Widevine/74.0/20200101010101/Linux_x86_64-gcc3/en-US/nightly/default/default/default/update.xml
PASS: https://aus5.mozilla.org/update/3/Widevine/74.0/20200101010101/WINNT_x86-msvc/en-US/nightly/Windows_NT 10/default/default/update.xml
PASS: https://aus5.mozilla.org/update/3/Widevine/74.0/20200101010101/WINNT_x86-msvc/en-US/nightly/Windows_NT 8/default/default/update.xml
PASS: https://aus5.mozilla.org/update/3/Widevine/74.0/20200101010101/WINNT_x86-msvc/en-US/nightly/Windows_NT 6/default/default/update.xml
PASS: https://aus5.mozilla.org/update/3/Widevine/74.0/20200101010101/WINNT_x86_64-msvc-x64/en-US/nightly/Windows_NT 10/default/default/update.xml
PASS: https://aus5.mozilla.org/update/3/Widevine/74.0/20200101010101/WINNT_x86_64-msvc-x64/en-US/nightly/Windows_NT 8/default/default/update.xml
PASS: https://aus5.mozilla.org/update/3/Widevine/74.0/20200101010101/WINNT_aarch64-msvc-aarch64/en-US/nightly/Windows_NT 10/default/default/update.xml
PASS: https://aus5.mozilla.org/update/3/Widevine/74.0/20200101010101/WINNT_aarch64-msvc-aarch64/en-US/nightly/Windows_NT 8/default/default/update.xml
PASS: https://aus5.mozilla.org/update/3/Widevine/74.0/20200101010101/WINNT_aarch64-msvc-aarch64/en-US/nightly/Windows_NT 6/default/default/update.xml
PASS: https://aus5.mozilla.org/update/3/Widevine/74.0/20200101010101/Darwin_x86_64-gcc3-u-i386-x86_64/en-US/beta/Darwin 15/default/default/update.xml
PASS: https://aus5.mozilla.org/update/3/Widevine/74.0/20200101010101/Darwin_x86_64-gcc3-u-i386-x86_64/en-US/beta/Darwin 16/default/default/update.xml
PASS: https://aus5.mozilla.org/update/3/Widevine/74.0/20200101010101/Darwin_x86_64-gcc3-u-i386-x86_64/en-US/beta/Darwin 17/default/default/update.xml
PASS: https://aus5.mozilla.org/update/3/Widevine/74.0/20200101010101/Darwin_x86_64-gcc3-u-i386-x86_64/en-US/beta/Darwin 18/default/default/update.xml
PASS: https://aus5.mozilla.org/update/3/Widevine/74.0/20200101010101/Darwin_x86_64-gcc3-u-i386-x86_64/en-US/beta/Darwin 19/default/default/update.xml
PASS: https://aus5.mozilla.org/update/3/Widevine/74.0/20200101010101/Darwin_x86_64-gcc3-u-i386-x86_64/en-US/beta/Darwin 20/default/default/update.xml
PASS: https://aus5.mozilla.org/update/3/Widevine/74.0/20200101010101/Linux_x86-gcc3/en-US/beta/default/default/default/update.xml
PASS: https://aus5.mozilla.org/update/3/Widevine/74.0/20200101010101/Linux_x86_64-gcc3/en-US/beta/default/default/default/update.xml
PASS: https://aus5.mozilla.org/update/3/Widevine/74.0/20200101010101/WINNT_x86-msvc/en-US/beta/Windows_NT 10/default/default/update.xml
PASS: https://aus5.mozilla.org/update/3/Widevine/74.0/20200101010101/WINNT_x86-msvc/en-US/beta/Windows_NT 8/default/default/update.xml
PASS: https://aus5.mozilla.org/update/3/Widevine/74.0/20200101010101/WINNT_x86-msvc/en-US/beta/Windows_NT 6/default/default/update.xml
PASS: https://aus5.mozilla.org/update/3/Widevine/74.0/20200101010101/WINNT_x86_64-msvc-x64/en-US/beta/Windows_NT 10/default/default/update.xml
PASS: https://aus5.mozilla.org/update/3/Widevine/74.0/20200101010101/WINNT_x86_64-msvc-x64/en-US/beta/Windows_NT 8/default/default/update.xml
PASS: https://aus5.mozilla.org/update/3/Widevine/74.0/20200101010101/WINNT_aarch64-msvc-aarch64/en-US/beta/Windows_NT 10/default/default/update.xml
PASS: https://aus5.mozilla.org/update/3/Widevine/74.0/20200101010101/WINNT_aarch64-msvc-aarch64/en-US/beta/Windows_NT 8/default/default/update.xml
PASS: https://aus5.mozilla.org/update/3/Widevine/74.0/20200101010101/WINNT_aarch64-msvc-aarch64/en-US/beta/Windows_NT 6/default/default/update.xml
PASS: https://aus5.mozilla.org/update/3/Widevine/74.0/20200101010101/Darwin_x86_64-gcc3-u-i386-x86_64/en-US/release/Darwin 15/default/default/update.xml
PASS: https://aus5.mozilla.org/update/3/Widevine/74.0/20200101010101/Darwin_x86_64-gcc3-u-i386-x86_64/en-US/release/Darwin 16/default/default/update.xml
PASS: https://aus5.mozilla.org/update/3/Widevine/74.0/20200101010101/Darwin_x86_64-gcc3-u-i386-x86_64/en-US/release/Darwin 17/default/default/update.xml
PASS: https://aus5.mozilla.org/update/3/Widevine/74.0/20200101010101/Darwin_x86_64-gcc3-u-i386-x86_64/en-US/release/Darwin 18/default/default/update.xml
PASS: https://aus5.mozilla.org/update/3/Widevine/74.0/20200101010101/Darwin_x86_64-gcc3-u-i386-x86_64/en-US/release/Darwin 19/default/default/update.xml
PASS: https://aus5.mozilla.org/update/3/Widevine/74.0/20200101010101/Darwin_x86_64-gcc3-u-i386-x86_64/en-US/release/Darwin 20/default/default/update.xml
PASS: https://aus5.mozilla.org/update/3/Widevine/74.0/20200101010101/Linux_x86-gcc3/en-US/release/default/default/default/update.xml
PASS: https://aus5.mozilla.org/update/3/Widevine/74.0/20200101010101/Linux_x86_64-gcc3/en-US/release/default/default/default/update.xml
PASS: https://aus5.mozilla.org/update/3/Widevine/74.0/20200101010101/WINNT_x86-msvc/en-US/release/Windows_NT 10/default/default/update.xml
PASS: https://aus5.mozilla.org/update/3/Widevine/74.0/20200101010101/WINNT_x86-msvc/en-US/release/Windows_NT 8/default/default/update.xml
PASS: https://aus5.mozilla.org/update/3/Widevine/74.0/20200101010101/WINNT_x86-msvc/en-US/release/Windows_NT 6/default/default/update.xml
PASS: https://aus5.mozilla.org/update/3/Widevine/74.0/20200101010101/WINNT_x86_64-msvc-x64/en-US/release/Windows_NT 10/default/default/update.xml
PASS: https://aus5.mozilla.org/update/3/Widevine/74.0/20200101010101/WINNT_x86_64-msvc-x64/en-US/release/Windows_NT 8/default/default/update.xml
PASS: https://aus5.mozilla.org/update/3/Widevine/74.0/20200101010101/WINNT_aarch64-msvc-aarch64/en-US/release/Windows_NT 10/default/default/update.xml
PASS: https://aus5.mozilla.org/update/3/Widevine/74.0/20200101010101/WINNT_aarch64-msvc-aarch64/en-US/release/Windows_NT 8/default/default/update.xml
PASS: https://aus5.mozilla.org/update/3/Widevine/74.0/20200101010101/WINNT_aarch64-msvc-aarch64/en-US/release/Windows_NT 6/default/default/update.xml
PASS: https://aus5.mozilla.org/update/3/Widevine/74.0/20200101010101/Darwin_x86_64-gcc3-u-i386-x86_64/en-US/esr/Darwin 15/default/default/update.xml
PASS: https://aus5.mozilla.org/update/3/Widevine/74.0/20200101010101/Darwin_x86_64-gcc3-u-i386-x86_64/en-US/esr/Darwin 16/default/default/update.xml
PASS: https://aus5.mozilla.org/update/3/Widevine/74.0/20200101010101/Darwin_x86_64-gcc3-u-i386-x86_64/en-US/esr/Darwin 17/default/default/update.xml
PASS: https://aus5.mozilla.org/update/3/Widevine/74.0/20200101010101/Darwin_x86_64-gcc3-u-i386-x86_64/en-US/esr/Darwin 18/default/default/update.xml
PASS: https://aus5.mozilla.org/update/3/Widevine/74.0/20200101010101/Darwin_x86_64-gcc3-u-i386-x86_64/en-US/esr/Darwin 19/default/default/update.xml
PASS: https://aus5.mozilla.org/update/3/Widevine/74.0/20200101010101/Darwin_x86_64-gcc3-u-i386-x86_64/en-US/esr/Darwin 20/default/default/update.xml
PASS: https://aus5.mozilla.org/update/3/Widevine/74.0/20200101010101/Linux_x86-gcc3/en-US/esr/default/default/default/update.xml
PASS: https://aus5.mozilla.org/update/3/Widevine/74.0/20200101010101/Linux_x86_64-gcc3/en-US/esr/default/default/default/update.xml
PASS: https://aus5.mozilla.org/update/3/Widevine/74.0/20200101010101/WINNT_x86-msvc/en-US/esr/Windows_NT 10/default/default/update.xml
PASS: https://aus5.mozilla.org/update/3/Widevine/74.0/20200101010101/WINNT_x86-msvc/en-US/esr/Windows_NT 8/default/default/update.xml
PASS: https://aus5.mozilla.org/update/3/Widevine/74.0/20200101010101/WINNT_x86-msvc/en-US/esr/Windows_NT 6/default/default/update.xml
PASS: https://aus5.mozilla.org/update/3/Widevine/74.0/20200101010101/WINNT_x86_64-msvc-x64/en-US/esr/Windows_NT 10/default/default/update.xml
PASS: https://aus5.mozilla.org/update/3/Widevine/74.0/20200101010101/WINNT_x86_64-msvc-x64/en-US/esr/Windows_NT 8/default/default/update.xml
PASS: https://aus5.mozilla.org/update/3/Widevine/74.0/20200101010101/WINNT_aarch64-msvc-aarch64/en-US/esr/Windows_NT 10/default/default/update.xml
PASS: https://aus5.mozilla.org/update/3/Widevine/74.0/20200101010101/WINNT_aarch64-msvc-aarch64/en-US/esr/Windows_NT 8/default/default/update.xml
PASS: https://aus5.mozilla.org/update/3/Widevine/74.0/20200101010101/WINNT_aarch64-msvc-aarch64/en-US/esr/Windows_NT 6/default/default/update.xml
PASS: https://aus5.mozilla.org/update/3/Widevine/73.0/20200101010101/Darwin_x86_64-gcc3-u-i386-x86_64/en-US/beta/Darwin 15/default/default/update.xml
PASS: https://aus5.mozilla.org/update/3/Widevine/73.0/20200101010101/Darwin_x86_64-gcc3-u-i386-x86_64/en-US/beta/Darwin 16/default/default/update.xml
PASS: https://aus5.mozilla.org/update/3/Widevine/73.0/20200101010101/Darwin_x86_64-gcc3-u-i386-x86_64/en-US/beta/Darwin 17/default/default/update.xml
PASS: https://aus5.mozilla.org/update/3/Widevine/73.0/20200101010101/Darwin_x86_64-gcc3-u-i386-x86_64/en-US/beta/Darwin 18/default/default/update.xml
PASS: https://aus5.mozilla.org/update/3/Widevine/73.0/20200101010101/Darwin_x86_64-gcc3-u-i386-x86_64/en-US/beta/Darwin 19/default/default/update.xml
PASS: https://aus5.mozilla.org/update/3/Widevine/73.0/20200101010101/Darwin_x86_64-gcc3-u-i386-x86_64/en-US/beta/Darwin 20/default/default/update.xml
PASS: https://aus5.mozilla.org/update/3/Widevine/73.0/20200101010101/Linux_x86-gcc3/en-US/beta/default/default/default/update.xml
PASS: https://aus5.mozilla.org/update/3/Widevine/73.0/20200101010101/Linux_x86_64-gcc3/en-US/beta/default/default/default/update.xml
PASS: https://aus5.mozilla.org/update/3/Widevine/73.0/20200101010101/WINNT_x86-msvc/en-US/beta/Windows_NT 10/default/default/update.xml
PASS: https://aus5.mozilla.org/update/3/Widevine/73.0/20200101010101/WINNT_x86-msvc/en-US/beta/Windows_NT 8/default/default/update.xml
PASS: https://aus5.mozilla.org/update/3/Widevine/73.0/20200101010101/WINNT_x86-msvc/en-US/beta/Windows_NT 6/default/default/update.xml
PASS: https://aus5.mozilla.org/update/3/Widevine/73.0/20200101010101/WINNT_x86_64-msvc-x64/en-US/beta/Windows_NT 10/default/default/update.xml
PASS: https://aus5.mozilla.org/update/3/Widevine/73.0/20200101010101/WINNT_x86_64-msvc-x64/en-US/beta/Windows_NT 8/default/default/update.xml
PASS: https://aus5.mozilla.org/update/3/Widevine/73.0/20200101010101/WINNT_aarch64-msvc-aarch64/en-US/beta/Windows_NT 10/default/default/update.xml
PASS: https://aus5.mozilla.org/update/3/Widevine/73.0/20200101010101/WINNT_aarch64-msvc-aarch64/en-US/beta/Windows_NT 8/default/default/update.xml
PASS: https://aus5.mozilla.org/update/3/Widevine/73.0/20200101010101/WINNT_aarch64-msvc-aarch64/en-US/beta/Windows_NT 6/default/default/update.xml
PASS: https://aus5.mozilla.org/update/3/Widevine/73.0/20200101010101/Darwin_x86_64-gcc3-u-i386-x86_64/en-US/release/Darwin 15/default/default/update.xml
PASS: https://aus5.mozilla.org/update/3/Widevine/73.0/20200101010101/Darwin_x86_64-gcc3-u-i386-x86_64/en-US/release/Darwin 16/default/default/update.xml
PASS: https://aus5.mozilla.org/update/3/Widevine/73.0/20200101010101/Darwin_x86_64-gcc3-u-i386-x86_64/en-US/release/Darwin 17/default/default/update.xml
PASS: https://aus5.mozilla.org/update/3/Widevine/73.0/20200101010101/Darwin_x86_64-gcc3-u-i386-x86_64/en-US/release/Darwin 18/default/default/update.xml
PASS: https://aus5.mozilla.org/update/3/Widevine/73.0/20200101010101/Darwin_x86_64-gcc3-u-i386-x86_64/en-US/release/Darwin 19/default/default/update.xml
PASS: https://aus5.mozilla.org/update/3/Widevine/73.0/20200101010101/Darwin_x86_64-gcc3-u-i386-x86_64/en-US/release/Darwin 20/default/default/update.xml
PASS: https://aus5.mozilla.org/update/3/Widevine/73.0/20200101010101/Linux_x86-gcc3/en-US/release/default/default/default/update.xml
PASS: https://aus5.mozilla.org/update/3/Widevine/73.0/20200101010101/Linux_x86_64-gcc3/en-US/release/default/default/default/update.xml
PASS: https://aus5.mozilla.org/update/3/Widevine/73.0/20200101010101/WINNT_x86-msvc/en-US/release/Windows_NT 10/default/default/update.xml
PASS: https://aus5.mozilla.org/update/3/Widevine/73.0/20200101010101/WINNT_x86-msvc/en-US/release/Windows_NT 8/default/default/update.xml
PASS: https://aus5.mozilla.org/update/3/Widevine/73.0/20200101010101/WINNT_x86-msvc/en-US/release/Windows_NT 6/default/default/update.xml
PASS: https://aus5.mozilla.org/update/3/Widevine/73.0/20200101010101/WINNT_x86_64-msvc-x64/en-US/release/Windows_NT 10/default/default/update.xml
PASS: https://aus5.mozilla.org/update/3/Widevine/73.0/20200101010101/WINNT_x86_64-msvc-x64/en-US/release/Windows_NT 8/default/default/update.xml
PASS: https://aus5.mozilla.org/update/3/Widevine/73.0/20200101010101/WINNT_aarch64-msvc-aarch64/en-US/release/Windows_NT 10/default/default/update.xml
PASS: https://aus5.mozilla.org/update/3/Widevine/73.0/20200101010101/WINNT_aarch64-msvc-aarch64/en-US/release/Windows_NT 8/default/default/update.xml
PASS: https://aus5.mozilla.org/update/3/Widevine/73.0/20200101010101/WINNT_aarch64-msvc-aarch64/en-US/release/Windows_NT 6/default/default/update.xml
PASS: https://aus5.mozilla.org/update/3/Widevine/72.0/20200101010101/Darwin_x86_64-gcc3-u-i386-x86_64/en-US/beta/Darwin 15/default/default/update.xml
PASS: https://aus5.mozilla.org/update/3/Widevine/72.0/20200101010101/Darwin_x86_64-gcc3-u-i386-x86_64/en-US/beta/Darwin 16/default/default/update.xml
PASS: https://aus5.mozilla.org/update/3/Widevine/72.0/20200101010101/Darwin_x86_64-gcc3-u-i386-x86_64/en-US/beta/Darwin 17/default/default/update.xml
PASS: https://aus5.mozilla.org/update/3/Widevine/72.0/20200101010101/Darwin_x86_64-gcc3-u-i386-x86_64/en-US/beta/Darwin 18/default/default/update.xml
PASS: https://aus5.mozilla.org/update/3/Widevine/72.0/20200101010101/Darwin_x86_64-gcc3-u-i386-x86_64/en-US/beta/Darwin 19/default/default/update.xml
PASS: https://aus5.mozilla.org/update/3/Widevine/72.0/20200101010101/Darwin_x86_64-gcc3-u-i386-x86_64/en-US/beta/Darwin 20/default/default/update.xml
PASS: https://aus5.mozilla.org/update/3/Widevine/72.0/20200101010101/Linux_x86-gcc3/en-US/beta/default/default/default/update.xml
PASS: https://aus5.mozilla.org/update/3/Widevine/72.0/20200101010101/Linux_x86_64-gcc3/en-US/beta/default/default/default/update.xml
PASS: https://aus5.mozilla.org/update/3/Widevine/72.0/20200101010101/WINNT_x86-msvc/en-US/beta/Windows_NT 10/default/default/update.xml
PASS: https://aus5.mozilla.org/update/3/Widevine/72.0/20200101010101/WINNT_x86-msvc/en-US/beta/Windows_NT 8/default/default/update.xml
PASS: https://aus5.mozilla.org/update/3/Widevine/72.0/20200101010101/WINNT_x86-msvc/en-US/beta/Windows_NT 6/default/default/update.xml
PASS: https://aus5.mozilla.org/update/3/Widevine/72.0/20200101010101/WINNT_x86_64-msvc-x64/en-US/beta/Windows_NT 10/default/default/update.xml
PASS: https://aus5.mozilla.org/update/3/Widevine/72.0/20200101010101/WINNT_x86_64-msvc-x64/en-US/beta/Windows_NT 8/default/default/update.xml
PASS: https://aus5.mozilla.org/update/3/Widevine/72.0/20200101010101/WINNT_aarch64-msvc-aarch64/en-US/beta/Windows_NT 10/default/default/update.xml
PASS: https://aus5.mozilla.org/update/3/Widevine/72.0/20200101010101/WINNT_aarch64-msvc-aarch64/en-US/beta/Windows_NT 8/default/default/update.xml
PASS: https://aus5.mozilla.org/update/3/Widevine/72.0/20200101010101/WINNT_aarch64-msvc-aarch64/en-US/beta/Windows_NT 6/default/default/update.xml
PASS: https://aus5.mozilla.org/update/3/Widevine/72.0/20200101010101/Darwin_x86_64-gcc3-u-i386-x86_64/en-US/nightly/Darwin 15/default/default/update.xml
PASS: https://aus5.mozilla.org/update/3/Widevine/72.0/20200101010101/Darwin_x86_64-gcc3-u-i386-x86_64/en-US/nightly/Darwin 16/default/default/update.xml
PASS: https://aus5.mozilla.org/update/3/Widevine/72.0/20200101010101/Darwin_x86_64-gcc3-u-i386-x86_64/en-US/nightly/Darwin 17/default/default/update.xml
PASS: https://aus5.mozilla.org/update/3/Widevine/72.0/20200101010101/Darwin_x86_64-gcc3-u-i386-x86_64/en-US/nightly/Darwin 18/default/default/update.xml
PASS: https://aus5.mozilla.org/update/3/Widevine/72.0/20200101010101/Darwin_x86_64-gcc3-u-i386-x86_64/en-US/nightly/Darwin 19/default/default/update.xml
PASS: https://aus5.mozilla.org/update/3/Widevine/72.0/20200101010101/Darwin_x86_64-gcc3-u-i386-x86_64/en-US/nightly/Darwin 20/default/default/update.xml
PASS: https://aus5.mozilla.org/update/3/Widevine/72.0/20200101010101/Linux_x86-gcc3/en-US/nightly/default/default/default/update.xml
PASS: https://aus5.mozilla.org/update/3/Widevine/72.0/20200101010101/Linux_x86_64-gcc3/en-US/nightly/default/default/default/update.xml
PASS: https://aus5.mozilla.org/update/3/Widevine/72.0/20200101010101/WINNT_x86-msvc/en-US/nightly/Windows_NT 10/default/default/update.xml
PASS: https://aus5.mozilla.org/update/3/Widevine/72.0/20200101010101/WINNT_x86-msvc/en-US/nightly/Windows_NT 8/default/default/update.xml
PASS: https://aus5.mozilla.org/update/3/Widevine/72.0/20200101010101/WINNT_x86-msvc/en-US/nightly/Windows_NT 6/default/default/update.xml
PASS: https://aus5.mozilla.org/update/3/Widevine/72.0/20200101010101/WINNT_x86_64-msvc-x64/en-US/nightly/Windows_NT 10/default/default/update.xml
PASS: https://aus5.mozilla.org/update/3/Widevine/72.0/20200101010101/WINNT_x86_64-msvc-x64/en-US/nightly/Windows_NT 8/default/default/update.xml
PASS: https://aus5.mozilla.org/update/3/Widevine/72.0/20200101010101/WINNT_aarch64-msvc-aarch64/en-US/nightly/Windows_NT 10/default/default/update.xml
PASS: https://aus5.mozilla.org/update/3/Widevine/72.0/20200101010101/WINNT_aarch64-msvc-aarch64/en-US/nightly/Windows_NT 8/default/default/update.xml
PASS: https://aus5.mozilla.org/update/3/Widevine/72.0/20200101010101/WINNT_aarch64-msvc-aarch64/en-US/nightly/Windows_NT 6/default/default/update.xml
PASS: https://aus5.mozilla.org/update/3/Widevine/72.0/20200101010101/Darwin_x86_64-gcc3-u-i386-x86_64/en-US/release/Darwin 15/default/default/update.xml
PASS: https://aus5.mozilla.org/update/3/Widevine/72.0/20200101010101/Darwin_x86_64-gcc3-u-i386-x86_64/en-US/release/Darwin 16/default/default/update.xml
PASS: https://aus5.mozilla.org/update/3/Widevine/72.0/20200101010101/Darwin_x86_64-gcc3-u-i386-x86_64/en-US/release/Darwin 17/default/default/update.xml
PASS: https://aus5.mozilla.org/update/3/Widevine/72.0/20200101010101/Darwin_x86_64-gcc3-u-i386-x86_64/en-US/release/Darwin 18/default/default/update.xml
PASS: https://aus5.mozilla.org/update/3/Widevine/72.0/20200101010101/Darwin_x86_64-gcc3-u-i386-x86_64/en-US/release/Darwin 19/default/default/update.xml
PASS: https://aus5.mozilla.org/update/3/Widevine/72.0/20200101010101/Darwin_x86_64-gcc3-u-i386-x86_64/en-US/release/Darwin 20/default/default/update.xml
PASS: https://aus5.mozilla.org/update/3/Widevine/72.0/20200101010101/Linux_x86-gcc3/en-US/release/default/default/default/update.xml
PASS: https://aus5.mozilla.org/update/3/Widevine/72.0/20200101010101/Linux_x86_64-gcc3/en-US/release/default/default/default/update.xml
PASS: https://aus5.mozilla.org/update/3/Widevine/72.0/20200101010101/WINNT_x86-msvc/en-US/release/Windows_NT 10/default/default/update.xml
PASS: https://aus5.mozilla.org/update/3/Widevine/72.0/20200101010101/WINNT_x86-msvc/en-US/release/Windows_NT 8/default/default/update.xml
PASS: https://aus5.mozilla.org/update/3/Widevine/72.0/20200101010101/WINNT_x86-msvc/en-US/release/Windows_NT 6/default/default/update.xml
PASS: https://aus5.mozilla.org/update/3/Widevine/72.0/20200101010101/WINNT_x86_64-msvc-x64/en-US/release/Windows_NT 10/default/default/update.xml
PASS: https://aus5.mozilla.org/update/3/Widevine/72.0/20200101010101/WINNT_x86_64-msvc-x64/en-US/release/Windows_NT 8/default/default/update.xml
PASS: https://aus5.mozilla.org/update/3/Widevine/72.0/20200101010101/WINNT_aarch64-msvc-aarch64/en-US/release/Windows_NT 10/default/default/update.xml
PASS: https://aus5.mozilla.org/update/3/Widevine/72.0/20200101010101/WINNT_aarch64-msvc-aarch64/en-US/release/Windows_NT 8/default/default/update.xml
PASS: https://aus5.mozilla.org/update/3/Widevine/72.0/20200101010101/WINNT_aarch64-msvc-aarch64/en-US/release/Windows_NT 6/default/default/update.xml
PASS: https://aus5.mozilla.org/update/3/Widevine/72.0/20200101010101/Darwin_x86_64-gcc3-u-i386-x86_64/en-US/esr/Darwin 15/default/default/update.xml
PASS: https://aus5.mozilla.org/update/3/Widevine/72.0/20200101010101/Darwin_x86_64-gcc3-u-i386-x86_64/en-US/esr/Darwin 16/default/default/update.xml
PASS: https://aus5.mozilla.org/update/3/Widevine/72.0/20200101010101/Darwin_x86_64-gcc3-u-i386-x86_64/en-US/esr/Darwin 17/default/default/update.xml
PASS: https://aus5.mozilla.org/update/3/Widevine/72.0/20200101010101/Darwin_x86_64-gcc3-u-i386-x86_64/en-US/esr/Darwin 18/default/default/update.xml
PASS: https://aus5.mozilla.org/update/3/Widevine/72.0/20200101010101/Darwin_x86_64-gcc3-u-i386-x86_64/en-US/esr/Darwin 19/default/default/update.xml
PASS: https://aus5.mozilla.org/update/3/Widevine/72.0/20200101010101/Darwin_x86_64-gcc3-u-i386-x86_64/en-US/esr/Darwin 20/default/default/update.xml
PASS: https://aus5.mozilla.org/update/3/Widevine/72.0/20200101010101/Linux_x86-gcc3/en-US/esr/default/default/default/update.xml
PASS: https://aus5.mozilla.org/update/3/Widevine/72.0/20200101010101/Linux_x86_64-gcc3/en-US/esr/default/default/default/update.xml
PASS: https://aus5.mozilla.org/update/3/Widevine/72.0/20200101010101/WINNT_x86-msvc/en-US/esr/Windows_NT 10/default/default/update.xml
PASS: https://aus5.mozilla.org/update/3/Widevine/72.0/20200101010101/WINNT_x86-msvc/en-US/esr/Windows_NT 8/default/default/update.xml
PASS: https://aus5.mozilla.org/update/3/Widevine/72.0/20200101010101/WINNT_x86-msvc/en-US/esr/Windows_NT 6/default/default/update.xml
PASS: https://aus5.mozilla.org/update/3/Widevine/72.0/20200101010101/WINNT_x86_64-msvc-x64/en-US/esr/Windows_NT 10/default/default/update.xml
PASS: https://aus5.mozilla.org/update/3/Widevine/72.0/20200101010101/WINNT_x86_64-msvc-x64/en-US/esr/Windows_NT 8/default/default/update.xml
PASS: https://aus5.mozilla.org/update/3/Widevine/72.0/20200101010101/WINNT_aarch64-msvc-aarch64/en-US/esr/Windows_NT 10/default/default/update.xml
PASS: https://aus5.mozilla.org/update/3/Widevine/72.0/20200101010101/WINNT_aarch64-msvc-aarch64/en-US/esr/Windows_NT 8/default/default/update.xml
PASS: https://aus5.mozilla.org/update/3/Widevine/72.0/20200101010101/WINNT_aarch64-msvc-aarch64/en-US/esr/Windows_NT 6/default/default/update.xml
PASS: https://aus5.mozilla.org/update/3/Widevine/69.0/20200101010101/Darwin_x86_64-gcc3-u-i386-x86_64/en-US/beta/Darwin 15/default/default/update.xml
PASS: https://aus5.mozilla.org/update/3/Widevine/69.0/20200101010101/Darwin_x86_64-gcc3-u-i386-x86_64/en-US/beta/Darwin 16/default/default/update.xml
PASS: https://aus5.mozilla.org/update/3/Widevine/69.0/20200101010101/Darwin_x86_64-gcc3-u-i386-x86_64/en-US/beta/Darwin 17/default/default/update.xml
PASS: https://aus5.mozilla.org/update/3/Widevine/69.0/20200101010101/Darwin_x86_64-gcc3-u-i386-x86_64/en-US/beta/Darwin 18/default/default/update.xml
PASS: https://aus5.mozilla.org/update/3/Widevine/69.0/20200101010101/Darwin_x86_64-gcc3-u-i386-x86_64/en-US/beta/Darwin 19/default/default/update.xml
PASS: https://aus5.mozilla.org/update/3/Widevine/69.0/20200101010101/Darwin_x86_64-gcc3-u-i386-x86_64/en-US/beta/Darwin 20/default/default/update.xml
PASS: https://aus5.mozilla.org/update/3/Widevine/69.0/20200101010101/Linux_x86-gcc3/en-US/beta/default/default/default/update.xml
PASS: https://aus5.mozilla.org/update/3/Widevine/69.0/20200101010101/Linux_x86_64-gcc3/en-US/beta/default/default/default/update.xml
PASS: https://aus5.mozilla.org/update/3/Widevine/69.0/20200101010101/WINNT_x86-msvc/en-US/beta/Windows_NT 10/default/default/update.xml
PASS: https://aus5.mozilla.org/update/3/Widevine/69.0/20200101010101/WINNT_x86-msvc/en-US/beta/Windows_NT 8/default/default/update.xml
PASS: https://aus5.mozilla.org/update/3/Widevine/69.0/20200101010101/WINNT_x86-msvc/en-US/beta/Windows_NT 6/default/default/update.xml
PASS: https://aus5.mozilla.org/update/3/Widevine/69.0/20200101010101/WINNT_x86_64-msvc-x64/en-US/beta/Windows_NT 10/default/default/update.xml
PASS: https://aus5.mozilla.org/update/3/Widevine/69.0/20200101010101/WINNT_x86_64-msvc-x64/en-US/beta/Windows_NT 8/default/default/update.xml
PASS: https://aus5.mozilla.org/update/3/Widevine/69.0/20200101010101/WINNT_aarch64-msvc-aarch64/en-US/beta/Windows_NT 10/default/default/update.xml
PASS: https://aus5.mozilla.org/update/3/Widevine/69.0/20200101010101/WINNT_aarch64-msvc-aarch64/en-US/beta/Windows_NT 8/default/default/update.xml
PASS: https://aus5.mozilla.org/update/3/Widevine/69.0/20200101010101/WINNT_aarch64-msvc-aarch64/en-US/beta/Windows_NT 6/default/default/update.xml
PASS: https://aus5.mozilla.org/update/3/Widevine/69.0/20200101010101/Darwin_x86_64-gcc3-u-i386-x86_64/en-US/nightly/Darwin 15/default/default/update.xml
PASS: https://aus5.mozilla.org/update/3/Widevine/69.0/20200101010101/Darwin_x86_64-gcc3-u-i386-x86_64/en-US/nightly/Darwin 16/default/default/update.xml
PASS: https://aus5.mozilla.org/update/3/Widevine/69.0/20200101010101/Darwin_x86_64-gcc3-u-i386-x86_64/en-US/nightly/Darwin 17/default/default/update.xml
PASS: https://aus5.mozilla.org/update/3/Widevine/69.0/20200101010101/Darwin_x86_64-gcc3-u-i386-x86_64/en-US/nightly/Darwin 18/default/default/update.xml
PASS: https://aus5.mozilla.org/update/3/Widevine/69.0/20200101010101/Darwin_x86_64-gcc3-u-i386-x86_64/en-US/nightly/Darwin 19/default/default/update.xml
PASS: https://aus5.mozilla.org/update/3/Widevine/69.0/20200101010101/Darwin_x86_64-gcc3-u-i386-x86_64/en-US/nightly/Darwin 20/default/default/update.xml
PASS: https://aus5.mozilla.org/update/3/Widevine/69.0/20200101010101/Linux_x86-gcc3/en-US/nightly/default/default/default/update.xml
PASS: https://aus5.mozilla.org/update/3/Widevine/69.0/20200101010101/Linux_x86_64-gcc3/en-US/nightly/default/default/default/update.xml
PASS: https://aus5.mozilla.org/update/3/Widevine/69.0/20200101010101/WINNT_x86-msvc/en-US/nightly/Windows_NT 10/default/default/update.xml
PASS: https://aus5.mozilla.org/update/3/Widevine/69.0/20200101010101/WINNT_x86-msvc/en-US/nightly/Windows_NT 8/default/default/update.xml
PASS: https://aus5.mozilla.org/update/3/Widevine/69.0/20200101010101/WINNT_x86-msvc/en-US/nightly/Windows_NT 6/default/default/update.xml
PASS: https://aus5.mozilla.org/update/3/Widevine/69.0/20200101010101/WINNT_x86_64-msvc-x64/en-US/nightly/Windows_NT 10/default/default/update.xml
PASS: https://aus5.mozilla.org/update/3/Widevine/69.0/20200101010101/WINNT_x86_64-msvc-x64/en-US/nightly/Windows_NT 8/default/default/update.xml
PASS: https://aus5.mozilla.org/update/3/Widevine/69.0/20200101010101/WINNT_aarch64-msvc-aarch64/en-US/nightly/Windows_NT 10/default/default/update.xml
PASS: https://aus5.mozilla.org/update/3/Widevine/69.0/20200101010101/WINNT_aarch64-msvc-aarch64/en-US/nightly/Windows_NT 8/default/default/update.xml
PASS: https://aus5.mozilla.org/update/3/Widevine/69.0/20200101010101/WINNT_aarch64-msvc-aarch64/en-US/nightly/Windows_NT 6/default/default/update.xml
PASS: https://aus5.mozilla.org/update/3/Widevine/69.0/20200101010101/Darwin_x86_64-gcc3-u-i386-x86_64/en-US/release/Darwin 15/default/default/update.xml
PASS: https://aus5.mozilla.org/update/3/Widevine/69.0/20200101010101/Darwin_x86_64-gcc3-u-i386-x86_64/en-US/release/Darwin 16/default/default/update.xml
PASS: https://aus5.mozilla.org/update/3/Widevine/69.0/20200101010101/Darwin_x86_64-gcc3-u-i386-x86_64/en-US/release/Darwin 17/default/default/update.xml
PASS: https://aus5.mozilla.org/update/3/Widevine/69.0/20200101010101/Darwin_x86_64-gcc3-u-i386-x86_64/en-US/release/Darwin 18/default/default/update.xml
PASS: https://aus5.mozilla.org/update/3/Widevine/69.0/20200101010101/Darwin_x86_64-gcc3-u-i386-x86_64/en-US/release/Darwin 19/default/default/update.xml
PASS: https://aus5.mozilla.org/update/3/Widevine/69.0/20200101010101/Darwin_x86_64-gcc3-u-i386-x86_64/en-US/release/Darwin 20/default/default/update.xml
PASS: https://aus5.mozilla.org/update/3/Widevine/69.0/20200101010101/Linux_x86-gcc3/en-US/release/default/default/default/update.xml
PASS: https://aus5.mozilla.org/update/3/Widevine/69.0/20200101010101/Linux_x86_64-gcc3/en-US/release/default/default/default/update.xml
PASS: https://aus5.mozilla.org/update/3/Widevine/69.0/20200101010101/WINNT_x86-msvc/en-US/release/Windows_NT 10/default/default/update.xml
PASS: https://aus5.mozilla.org/update/3/Widevine/69.0/20200101010101/WINNT_x86-msvc/en-US/release/Windows_NT 8/default/default/update.xml
PASS: https://aus5.mozilla.org/update/3/Widevine/69.0/20200101010101/WINNT_x86-msvc/en-US/release/Windows_NT 6/default/default/update.xml
PASS: https://aus5.mozilla.org/update/3/Widevine/69.0/20200101010101/WINNT_x86_64-msvc-x64/en-US/release/Windows_NT 10/default/default/update.xml
PASS: https://aus5.mozilla.org/update/3/Widevine/69.0/20200101010101/WINNT_x86_64-msvc-x64/en-US/release/Windows_NT 8/default/default/update.xml
PASS: https://aus5.mozilla.org/update/3/Widevine/69.0/20200101010101/WINNT_aarch64-msvc-aarch64/en-US/release/Windows_NT 10/default/default/update.xml
PASS: https://aus5.mozilla.org/update/3/Widevine/69.0/20200101010101/WINNT_aarch64-msvc-aarch64/en-US/release/Windows_NT 8/default/default/update.xml
PASS: https://aus5.mozilla.org/update/3/Widevine/69.0/20200101010101/WINNT_aarch64-msvc-aarch64/en-US/release/Windows_NT 6/default/default/update.xml
PASS: https://aus5.mozilla.org/update/3/Widevine/69.0/20200101010101/Darwin_x86_64-gcc3-u-i386-x86_64/en-US/esr/Darwin 15/default/default/update.xml
PASS: https://aus5.mozilla.org/update/3/Widevine/69.0/20200101010101/Darwin_x86_64-gcc3-u-i386-x86_64/en-US/esr/Darwin 16/default/default/update.xml
PASS: https://aus5.mozilla.org/update/3/Widevine/69.0/20200101010101/Darwin_x86_64-gcc3-u-i386-x86_64/en-US/esr/Darwin 17/default/default/update.xml
PASS: https://aus5.mozilla.org/update/3/Widevine/69.0/20200101010101/Darwin_x86_64-gcc3-u-i386-x86_64/en-US/esr/Darwin 18/default/default/update.xml
PASS: https://aus5.mozilla.org/update/3/Widevine/69.0/20200101010101/Darwin_x86_64-gcc3-u-i386-x86_64/en-US/esr/Darwin 19/default/default/update.xml
PASS: https://aus5.mozilla.org/update/3/Widevine/69.0/20200101010101/Darwin_x86_64-gcc3-u-i386-x86_64/en-US/esr/Darwin 20/default/default/update.xml
PASS: https://aus5.mozilla.org/update/3/Widevine/69.0/20200101010101/Linux_x86-gcc3/en-US/esr/default/default/default/update.xml
PASS: https://aus5.mozilla.org/update/3/Widevine/69.0/20200101010101/Linux_x86_64-gcc3/en-US/esr/default/default/default/update.xml
PASS: https://aus5.mozilla.org/update/3/Widevine/69.0/20200101010101/WINNT_x86-msvc/en-US/esr/Windows_NT 10/default/default/update.xml
PASS: https://aus5.mozilla.org/update/3/Widevine/69.0/20200101010101/WINNT_x86-msvc/en-US/esr/Windows_NT 8/default/default/update.xml
PASS: https://aus5.mozilla.org/update/3/Widevine/69.0/20200101010101/WINNT_x86-msvc/en-US/esr/Windows_NT 6/default/default/update.xml
PASS: https://aus5.mozilla.org/update/3/Widevine/69.0/20200101010101/WINNT_x86_64-msvc-x64/en-US/esr/Windows_NT 10/default/default/update.xml
PASS: https://aus5.mozilla.org/update/3/Widevine/69.0/20200101010101/WINNT_x86_64-msvc-x64/en-US/esr/Windows_NT 8/default/default/update.xml
PASS: https://aus5.mozilla.org/update/3/Widevine/69.0/20200101010101/WINNT_aarch64-msvc-aarch64/en-US/esr/Windows_NT 10/default/default/update.xml
PASS: https://aus5.mozilla.org/update/3/Widevine/69.0/20200101010101/WINNT_aarch64-msvc-aarch64/en-US/esr/Windows_NT 8/default/default/update.xml
PASS: https://aus5.mozilla.org/update/3/Widevine/69.0/20200101010101/WINNT_aarch64-msvc-aarch64/en-US/esr/Windows_NT 6/default/default/update.xml
PASS: https://aus5.mozilla.org/update/3/Widevine/46.0/20200101010101/Darwin_x86_64-gcc3-u-i386-x86_64/en-US/nightly/Darwin 15/default/default/update.xml
PASS: https://aus5.mozilla.org/update/3/Widevine/46.0/20200101010101/Darwin_x86_64-gcc3-u-i386-x86_64/en-US/nightly/Darwin 16/default/default/update.xml
PASS: https://aus5.mozilla.org/update/3/Widevine/46.0/20200101010101/Darwin_x86_64-gcc3-u-i386-x86_64/en-US/nightly/Darwin 17/default/default/update.xml
PASS: https://aus5.mozilla.org/update/3/Widevine/46.0/20200101010101/Darwin_x86_64-gcc3-u-i386-x86_64/en-US/nightly/Darwin 18/default/default/update.xml
PASS: https://aus5.mozilla.org/update/3/Widevine/46.0/20200101010101/Darwin_x86_64-gcc3-u-i386-x86_64/en-US/nightly/Darwin 19/default/default/update.xml
PASS: https://aus5.mozilla.org/update/3/Widevine/46.0/20200101010101/Darwin_x86_64-gcc3-u-i386-x86_64/en-US/nightly/Darwin 20/default/default/update.xml
PASS: https://aus5.mozilla.org/update/3/Widevine/46.0/20200101010101/Linux_x86-gcc3/en-US/nightly/default/default/default/update.xml
PASS: https://aus5.mozilla.org/update/3/Widevine/46.0/20200101010101/Linux_x86_64-gcc3/en-US/nightly/default/default/default/update.xml
PASS: https://aus5.mozilla.org/update/3/Widevine/46.0/20200101010101/WINNT_x86-msvc/en-US/nightly/Windows_NT 10/default/default/update.xml
PASS: https://aus5.mozilla.org/update/3/Widevine/46.0/20200101010101/WINNT_x86-msvc/en-US/nightly/Windows_NT 8/default/default/update.xml
PASS: https://aus5.mozilla.org/update/3/Widevine/46.0/20200101010101/WINNT_x86-msvc/en-US/nightly/Windows_NT 6/default/default/update.xml
PASS: https://aus5.mozilla.org/update/3/Widevine/46.0/20200101010101/WINNT_x86_64-msvc-x64/en-US/nightly/Windows_NT 10/default/default/update.xml
PASS: https://aus5.mozilla.org/update/3/Widevine/46.0/20200101010101/WINNT_x86_64-msvc-x64/en-US/nightly/Windows_NT 8/default/default/update.xml
PASS: https://aus5.mozilla.org/update/3/Widevine/46.0/20200101010101/WINNT_aarch64-msvc-aarch64/en-US/nightly/Windows_NT 10/default/default/update.xml
PASS: https://aus5.mozilla.org/update/3/Widevine/46.0/20200101010101/WINNT_aarch64-msvc-aarch64/en-US/nightly/Windows_NT 8/default/default/update.xml
PASS: https://aus5.mozilla.org/update/3/Widevine/46.0/20200101010101/WINNT_aarch64-msvc-aarch64/en-US/nightly/Windows_NT 6/default/default/update.xml
PASS: https://aus5.mozilla.org/update/3/Widevine/46.0/20170829220349/Darwin_x86_64-gcc3-u-i386-x86_64/en-US/nightly/Darwin 15/default/default/update.xml
PASS: https://aus5.mozilla.org/update/3/Widevine/46.0/20170829220349/Darwin_x86_64-gcc3-u-i386-x86_64/en-US/nightly/Darwin 16/default/default/update.xml
PASS: https://aus5.mozilla.org/update/3/Widevine/46.0/20170829220349/Darwin_x86_64-gcc3-u-i386-x86_64/en-US/nightly/Darwin 17/default/default/update.xml
PASS: https://aus5.mozilla.org/update/3/Widevine/46.0/20170829220349/Darwin_x86_64-gcc3-u-i386-x86_64/en-US/nightly/Darwin 18/default/default/update.xml
PASS: https://aus5.mozilla.org/update/3/Widevine/46.0/20170829220349/Darwin_x86_64-gcc3-u-i386-x86_64/en-US/nightly/Darwin 19/default/default/update.xml
PASS: https://aus5.mozilla.org/update/3/Widevine/46.0/20170829220349/Darwin_x86_64-gcc3-u-i386-x86_64/en-US/nightly/Darwin 20/default/default/update.xml
PASS: https://aus5.mozilla.org/update/3/Widevine/46.0/20170829220349/Linux_x86-gcc3/en-US/nightly/default/default/default/update.xml
PASS: https://aus5.mozilla.org/update/3/Widevine/46.0/20170829220349/Linux_x86_64-gcc3/en-US/nightly/default/default/default/update.xml
PASS: https://aus5.mozilla.org/update/3/Widevine/46.0/20170829220349/WINNT_x86-msvc/en-US/nightly/Windows_NT 10/default/default/update.xml
PASS: https://aus5.mozilla.org/update/3/Widevine/46.0/20170829220349/WINNT_x86-msvc/en-US/nightly/Windows_NT 8/default/default/update.xml
PASS: https://aus5.mozilla.org/update/3/Widevine/46.0/20170829220349/WINNT_x86-msvc/en-US/nightly/Windows_NT 6/default/default/update.xml
PASS: https://aus5.mozilla.org/update/3/Widevine/46.0/20170829220349/WINNT_x86_64-msvc-x64/en-US/nightly/Windows_NT 10/default/default/update.xml
PASS: https://aus5.mozilla.org/update/3/Widevine/46.0/20170829220349/WINNT_x86_64-msvc-x64/en-US/nightly/Windows_NT 8/default/default/update.xml
PASS: https://aus5.mozilla.org/update/3/Widevine/46.0/20170829220349/WINNT_aarch64-msvc-aarch64/en-US/nightly/Windows_NT 10/default/default/update.xml
PASS: https://aus5.mozilla.org/update/3/Widevine/46.0/20170829220349/WINNT_aarch64-msvc-aarch64/en-US/nightly/Windows_NT 8/default/default/update.xml
PASS: https://aus5.mozilla.org/update/3/Widevine/46.0/20170829220349/WINNT_aarch64-msvc-aarch64/en-US/nightly/Windows_NT 6/default/default/update.xml
PASS: https://aus5.mozilla.org/update/3/Widevine/46.0/20200101010101/Darwin_x86_64-gcc3-u-i386-x86_64/en-US/beta/Darwin 15/default/default/update.xml
PASS: https://aus5.mozilla.org/update/3/Widevine/46.0/20200101010101/Darwin_x86_64-gcc3-u-i386-x86_64/en-US/beta/Darwin 16/default/default/update.xml
PASS: https://aus5.mozilla.org/update/3/Widevine/46.0/20200101010101/Darwin_x86_64-gcc3-u-i386-x86_64/en-US/beta/Darwin 17/default/default/update.xml
PASS: https://aus5.mozilla.org/update/3/Widevine/46.0/20200101010101/Darwin_x86_64-gcc3-u-i386-x86_64/en-US/beta/Darwin 18/default/default/update.xml
PASS: https://aus5.mozilla.org/update/3/Widevine/46.0/20200101010101/Darwin_x86_64-gcc3-u-i386-x86_64/en-US/beta/Darwin 19/default/default/update.xml
PASS: https://aus5.mozilla.org/update/3/Widevine/46.0/20200101010101/Darwin_x86_64-gcc3-u-i386-x86_64/en-US/beta/Darwin 20/default/default/update.xml
PASS: https://aus5.mozilla.org/update/3/Widevine/46.0/20200101010101/Linux_x86-gcc3/en-US/beta/default/default/default/update.xml
PASS: https://aus5.mozilla.org/update/3/Widevine/46.0/20200101010101/Linux_x86_64-gcc3/en-US/beta/default/default/default/update.xml
PASS: https://aus5.mozilla.org/update/3/Widevine/46.0/20200101010101/WINNT_x86-msvc/en-US/beta/Windows_NT 10/default/default/update.xml
PASS: https://aus5.mozilla.org/update/3/Widevine/46.0/20200101010101/WINNT_x86-msvc/en-US/beta/Windows_NT 8/default/default/update.xml
PASS: https://aus5.mozilla.org/update/3/Widevine/46.0/20200101010101/WINNT_x86-msvc/en-US/beta/Windows_NT 6/default/default/update.xml
PASS: https://aus5.mozilla.org/update/3/Widevine/46.0/20200101010101/WINNT_x86_64-msvc-x64/en-US/beta/Windows_NT 10/default/default/update.xml
PASS: https://aus5.mozilla.org/update/3/Widevine/46.0/20200101010101/WINNT_x86_64-msvc-x64/en-US/beta/Windows_NT 8/default/default/update.xml
PASS: https://aus5.mozilla.org/update/3/Widevine/46.0/20200101010101/WINNT_aarch64-msvc-aarch64/en-US/beta/Windows_NT 10/default/default/update.xml
PASS: https://aus5.mozilla.org/update/3/Widevine/46.0/20200101010101/WINNT_aarch64-msvc-aarch64/en-US/beta/Windows_NT 8/default/default/update.xml
PASS: https://aus5.mozilla.org/update/3/Widevine/46.0/20200101010101/WINNT_aarch64-msvc-aarch64/en-US/beta/Windows_NT 6/default/default/update.xml
PASS: https://aus5.mozilla.org/update/3/Widevine/46.0/20170829220349/Darwin_x86_64-gcc3-u-i386-x86_64/en-US/beta/Darwin 15/default/default/update.xml
PASS: https://aus5.mozilla.org/update/3/Widevine/46.0/20170829220349/Darwin_x86_64-gcc3-u-i386-x86_64/en-US/beta/Darwin 16/default/default/update.xml
PASS: https://aus5.mozilla.org/update/3/Widevine/46.0/20170829220349/Darwin_x86_64-gcc3-u-i386-x86_64/en-US/beta/Darwin 17/default/default/update.xml
PASS: https://aus5.mozilla.org/update/3/Widevine/46.0/20170829220349/Darwin_x86_64-gcc3-u-i386-x86_64/en-US/beta/Darwin 18/default/default/update.xml
PASS: https://aus5.mozilla.org/update/3/Widevine/46.0/20170829220349/Darwin_x86_64-gcc3-u-i386-x86_64/en-US/beta/Darwin 19/default/default/update.xml
PASS: https://aus5.mozilla.org/update/3/Widevine/46.0/20170829220349/Darwin_x86_64-gcc3-u-i386-x86_64/en-US/beta/Darwin 20/default/default/update.xml
PASS: https://aus5.mozilla.org/update/3/Widevine/46.0/20170829220349/Linux_x86-gcc3/en-US/beta/default/default/default/update.xml
PASS: https://aus5.mozilla.org/update/3/Widevine/46.0/20170829220349/Linux_x86_64-gcc3/en-US/beta/default/default/default/update.xml
PASS: https://aus5.mozilla.org/update/3/Widevine/46.0/20170829220349/WINNT_x86-msvc/en-US/beta/Windows_NT 10/default/default/update.xml
PASS: https://aus5.mozilla.org/update/3/Widevine/46.0/20170829220349/WINNT_x86-msvc/en-US/beta/Windows_NT 8/default/default/update.xml
PASS: https://aus5.mozilla.org/update/3/Widevine/46.0/20170829220349/WINNT_x86-msvc/en-US/beta/Windows_NT 6/default/default/update.xml
PASS: https://aus5.mozilla.org/update/3/Widevine/46.0/20170829220349/WINNT_x86_64-msvc-x64/en-US/beta/Windows_NT 10/default/default/update.xml
PASS: https://aus5.mozilla.org/update/3/Widevine/46.0/20170829220349/WINNT_x86_64-msvc-x64/en-US/beta/Windows_NT 8/default/default/update.xml
PASS: https://aus5.mozilla.org/update/3/Widevine/46.0/20170829220349/WINNT_aarch64-msvc-aarch64/en-US/beta/Windows_NT 10/default/default/update.xml
PASS: https://aus5.mozilla.org/update/3/Widevine/46.0/20170829220349/WINNT_aarch64-msvc-aarch64/en-US/beta/Windows_NT 8/default/default/update.xml
PASS: https://aus5.mozilla.org/update/3/Widevine/46.0/20170829220349/WINNT_aarch64-msvc-aarch64/en-US/beta/Windows_NT 6/default/default/update.xml
PASS: https://aus5.mozilla.org/update/3/Widevine/46.0/20200101010101/Darwin_x86_64-gcc3-u-i386-x86_64/en-US/release/Darwin 15/default/default/update.xml
PASS: https://aus5.mozilla.org/update/3/Widevine/46.0/20200101010101/Darwin_x86_64-gcc3-u-i386-x86_64/en-US/release/Darwin 16/default/default/update.xml
PASS: https://aus5.mozilla.org/update/3/Widevine/46.0/20200101010101/Darwin_x86_64-gcc3-u-i386-x86_64/en-US/release/Darwin 17/default/default/update.xml
PASS: https://aus5.mozilla.org/update/3/Widevine/46.0/20200101010101/Darwin_x86_64-gcc3-u-i386-x86_64/en-US/release/Darwin 18/default/default/update.xml
PASS: https://aus5.mozilla.org/update/3/Widevine/46.0/20200101010101/Darwin_x86_64-gcc3-u-i386-x86_64/en-US/release/Darwin 19/default/default/update.xml
PASS: https://aus5.mozilla.org/update/3/Widevine/46.0/20200101010101/Darwin_x86_64-gcc3-u-i386-x86_64/en-US/release/Darwin 20/default/default/update.xml
PASS: https://aus5.mozilla.org/update/3/Widevine/46.0/20200101010101/Linux_x86-gcc3/en-US/release/default/default/default/update.xml
PASS: https://aus5.mozilla.org/update/3/Widevine/46.0/20200101010101/Linux_x86_64-gcc3/en-US/release/default/default/default/update.xml
PASS: https://aus5.mozilla.org/update/3/Widevine/46.0/20200101010101/WINNT_x86-msvc/en-US/release/Windows_NT 10/default/default/update.xml
PASS: https://aus5.mozilla.org/update/3/Widevine/46.0/20200101010101/WINNT_x86-msvc/en-US/release/Windows_NT 8/default/default/update.xml
PASS: https://aus5.mozilla.org/update/3/Widevine/46.0/20200101010101/WINNT_x86-msvc/en-US/release/Windows_NT 6/default/default/update.xml
PASS: https://aus5.mozilla.org/update/3/Widevine/46.0/20200101010101/WINNT_x86_64-msvc-x64/en-US/release/Windows_NT 10/default/default/update.xml
PASS: https://aus5.mozilla.org/update/3/Widevine/46.0/20200101010101/WINNT_x86_64-msvc-x64/en-US/release/Windows_NT 8/default/default/update.xml
PASS: https://aus5.mozilla.org/update/3/Widevine/46.0/20200101010101/WINNT_aarch64-msvc-aarch64/en-US/release/Windows_NT 10/default/default/update.xml
PASS: https://aus5.mozilla.org/update/3/Widevine/46.0/20200101010101/WINNT_aarch64-msvc-aarch64/en-US/release/Windows_NT 8/default/default/update.xml
PASS: https://aus5.mozilla.org/update/3/Widevine/46.0/20200101010101/WINNT_aarch64-msvc-aarch64/en-US/release/Windows_NT 6/default/default/update.xml
PASS: https://aus5.mozilla.org/update/3/Widevine/46.0/20170829220349/Darwin_x86_64-gcc3-u-i386-x86_64/en-US/release/Darwin 15/default/default/update.xml
PASS: https://aus5.mozilla.org/update/3/Widevine/46.0/20170829220349/Darwin_x86_64-gcc3-u-i386-x86_64/en-US/release/Darwin 16/default/default/update.xml
PASS: https://aus5.mozilla.org/update/3/Widevine/46.0/20170829220349/Darwin_x86_64-gcc3-u-i386-x86_64/en-US/release/Darwin 17/default/default/update.xml
PASS: https://aus5.mozilla.org/update/3/Widevine/46.0/20170829220349/Darwin_x86_64-gcc3-u-i386-x86_64/en-US/release/Darwin 18/default/default/update.xml
PASS: https://aus5.mozilla.org/update/3/Widevine/46.0/20170829220349/Darwin_x86_64-gcc3-u-i386-x86_64/en-US/release/Darwin 19/default/default/update.xml
PASS: https://aus5.mozilla.org/update/3/Widevine/46.0/20170829220349/Darwin_x86_64-gcc3-u-i386-x86_64/en-US/release/Darwin 20/default/default/update.xml
PASS: https://aus5.mozilla.org/update/3/Widevine/46.0/20170829220349/Linux_x86-gcc3/en-US/release/default/default/default/update.xml
PASS: https://aus5.mozilla.org/update/3/Widevine/46.0/20170829220349/Linux_x86_64-gcc3/en-US/release/default/default/default/update.xml
PASS: https://aus5.mozilla.org/update/3/Widevine/46.0/20170829220349/WINNT_x86-msvc/en-US/release/Windows_NT 10/default/default/update.xml
PASS: https://aus5.mozilla.org/update/3/Widevine/46.0/20170829220349/WINNT_x86-msvc/en-US/release/Windows_NT 8/default/default/update.xml
PASS: https://aus5.mozilla.org/update/3/Widevine/46.0/20170829220349/WINNT_x86-msvc/en-US/release/Windows_NT 6/default/default/update.xml
PASS: https://aus5.mozilla.org/update/3/Widevine/46.0/20170829220349/WINNT_x86_64-msvc-x64/en-US/release/Windows_NT 10/default/default/update.xml
PASS: https://aus5.mozilla.org/update/3/Widevine/46.0/20170829220349/WINNT_x86_64-msvc-x64/en-US/release/Windows_NT 8/default/default/update.xml
PASS: https://aus5.mozilla.org/update/3/Widevine/46.0/20170829220349/WINNT_aarch64-msvc-aarch64/en-US/release/Windows_NT 10/default/default/update.xml
PASS: https://aus5.mozilla.org/update/3/Widevine/46.0/20170829220349/WINNT_aarch64-msvc-aarch64/en-US/release/Windows_NT 8/default/default/update.xml
PASS: https://aus5.mozilla.org/update/3/Widevine/46.0/20170829220349/WINNT_aarch64-msvc-aarch64/en-US/release/Windows_NT 6/default/default/update.xml
PASS: https://aus5.mozilla.org/update/3/Widevine/46.0/20200101010101/Darwin_x86_64-gcc3-u-i386-x86_64/en-US/esr/Darwin 15/default/default/update.xml
PASS: https://aus5.mozilla.org/update/3/Widevine/46.0/20200101010101/Darwin_x86_64-gcc3-u-i386-x86_64/en-US/esr/Darwin 16/default/default/update.xml
PASS: https://aus5.mozilla.org/update/3/Widevine/46.0/20200101010101/Darwin_x86_64-gcc3-u-i386-x86_64/en-US/esr/Darwin 17/default/default/update.xml
PASS: https://aus5.mozilla.org/update/3/Widevine/46.0/20200101010101/Darwin_x86_64-gcc3-u-i386-x86_64/en-US/esr/Darwin 18/default/default/update.xml
PASS: https://aus5.mozilla.org/update/3/Widevine/46.0/20200101010101/Darwin_x86_64-gcc3-u-i386-x86_64/en-US/esr/Darwin 19/default/default/update.xml
PASS: https://aus5.mozilla.org/update/3/Widevine/46.0/20200101010101/Darwin_x86_64-gcc3-u-i386-x86_64/en-US/esr/Darwin 20/default/default/update.xml
PASS: https://aus5.mozilla.org/update/3/Widevine/46.0/20200101010101/Linux_x86-gcc3/en-US/esr/default/default/default/update.xml
PASS: https://aus5.mozilla.org/update/3/Widevine/46.0/20200101010101/Linux_x86_64-gcc3/en-US/esr/default/default/default/update.xml
PASS: https://aus5.mozilla.org/update/3/Widevine/46.0/20200101010101/WINNT_x86-msvc/en-US/esr/Windows_NT 10/default/default/update.xml
PASS: https://aus5.mozilla.org/update/3/Widevine/46.0/20200101010101/WINNT_x86-msvc/en-US/esr/Windows_NT 8/default/default/update.xml
PASS: https://aus5.mozilla.org/update/3/Widevine/46.0/20200101010101/WINNT_x86-msvc/en-US/esr/Windows_NT 6/default/default/update.xml
PASS: https://aus5.mozilla.org/update/3/Widevine/46.0/20200101010101/WINNT_x86_64-msvc-x64/en-US/esr/Windows_NT 10/default/default/update.xml
PASS: https://aus5.mozilla.org/update/3/Widevine/46.0/20200101010101/WINNT_x86_64-msvc-x64/en-US/esr/Windows_NT 8/default/default/update.xml
PASS: https://aus5.mozilla.org/update/3/Widevine/46.0/20200101010101/WINNT_aarch64-msvc-aarch64/en-US/esr/Windows_NT 10/default/default/update.xml
PASS: https://aus5.mozilla.org/update/3/Widevine/46.0/20200101010101/WINNT_aarch64-msvc-aarch64/en-US/esr/Windows_NT 8/default/default/update.xml
PASS: https://aus5.mozilla.org/update/3/Widevine/46.0/20200101010101/WINNT_aarch64-msvc-aarch64/en-US/esr/Windows_NT 6/default/default/update.xml
PASS: https://aus5.mozilla.org/update/3/Widevine/46.0/20170829220349/Darwin_x86_64-gcc3-u-i386-x86_64/en-US/esr/Darwin 15/default/default/update.xml
PASS: https://aus5.mozilla.org/update/3/Widevine/46.0/20170829220349/Darwin_x86_64-gcc3-u-i386-x86_64/en-US/esr/Darwin 16/default/default/update.xml
PASS: https://aus5.mozilla.org/update/3/Widevine/46.0/20170829220349/Darwin_x86_64-gcc3-u-i386-x86_64/en-US/esr/Darwin 17/default/default/update.xml
PASS: https://aus5.mozilla.org/update/3/Widevine/46.0/20170829220349/Darwin_x86_64-gcc3-u-i386-x86_64/en-US/esr/Darwin 18/default/default/update.xml
PASS: https://aus5.mozilla.org/update/3/Widevine/46.0/20170829220349/Darwin_x86_64-gcc3-u-i386-x86_64/en-US/esr/Darwin 19/default/default/update.xml
PASS: https://aus5.mozilla.org/update/3/Widevine/46.0/20170829220349/Darwin_x86_64-gcc3-u-i386-x86_64/en-US/esr/Darwin 20/default/default/update.xml
PASS: https://aus5.mozilla.org/update/3/Widevine/46.0/20170829220349/Linux_x86-gcc3/en-US/esr/default/default/default/update.xml
PASS: https://aus5.mozilla.org/update/3/Widevine/46.0/20170829220349/Linux_x86_64-gcc3/en-US/esr/default/default/default/update.xml
PASS: https://aus5.mozilla.org/update/3/Widevine/46.0/20170829220349/WINNT_x86-msvc/en-US/esr/Windows_NT 10/default/default/update.xml
PASS: https://aus5.mozilla.org/update/3/Widevine/46.0/20170829220349/WINNT_x86-msvc/en-US/esr/Windows_NT 8/default/default/update.xml
PASS: https://aus5.mozilla.org/update/3/Widevine/46.0/20170829220349/WINNT_x86-msvc/en-US/esr/Windows_NT 6/default/default/update.xml
PASS: https://aus5.mozilla.org/update/3/Widevine/46.0/20170829220349/WINNT_x86_64-msvc-x64/en-US/esr/Windows_NT 10/default/default/update.xml
PASS: https://aus5.mozilla.org/update/3/Widevine/46.0/20170829220349/WINNT_x86_64-msvc-x64/en-US/esr/Windows_NT 8/default/default/update.xml
PASS: https://aus5.mozilla.org/update/3/Widevine/46.0/20170829220349/WINNT_aarch64-msvc-aarch64/en-US/esr/Windows_NT 10/default/default/update.xml
PASS: https://aus5.mozilla.org/update/3/Widevine/46.0/20170829220349/WINNT_aarch64-msvc-aarch64/en-US/esr/Windows_NT 8/default/default/update.xml
PASS: https://aus5.mozilla.org/update/3/Widevine/46.0/20170829220349/WINNT_aarch64-msvc-aarch64/en-US/esr/Windows_NT 6/default/default/update.xml
